Base path: C:/Program Files/Unity/Editor/Data
Cmd: initializeCompiler
Cmd: compileComputeKernel
  api=14 insize=5770 outsize=6713 ok=1
Cmd: translateComputeKernel
  api=14 insize=6861 outsize=11953 ok=1
Cmd: compileComputeKernel
  api=14 insize=5770 outsize=3641 ok=1
Cmd: compileComputeKernel
  api=4 insize=5786 outsize=4629 ok=1
Cmd: initializeCompiler
Cmd: translateComputeKernel
  api=14 insize=7013 outsize=12113 ok=1
Cmd: initializeCompiler
Cmd: translateComputeKernel
  api=14 insize=4253 outsize=5585 ok=1
Cmd: compileComputeKernel
  api=14 insize=6052 outsize=3693 ok=1
Cmd: translateComputeKernel
  api=14 insize=7449 outsize=12885 ok=1
Cmd: compileComputeKernel
  api=14 insize=6053 outsize=7301 ok=1
Cmd: translateComputeKernel
  api=14 insize=7449 outsize=12889 ok=1
Cmd: compileComputeKernel
  api=14 insize=6048 outsize=3693 ok=1
Cmd: translateComputeKernel
  api=14 insize=4253 outsize=5585 ok=1
Cmd: compileComputeKernel
  error: 2 plat 14 at Boids.compute(153): cannot implicitly convert from 'const float2' to 'float3'
  api=14 insize=6094 outsize=0 ok=0
Cmd: initializeCompiler
Cmd: compileComputeKernel
  api=4 insize=6115 outsize=4677 ok=1
Cmd: compileComputeKernel
  api=14 insize=6115 outsize=7329 ok=1
Cmd: compileComputeKernel
  api=4 insize=6004 outsize=1649 ok=1
Cmd: compileComputeKernel
  api=14 insize=8317 outsize=7381 ok=1
Cmd: compileComputeKernel
  error: 2 plat 14 at Boids.compute(235): undeclared identifier 'N_Position'
  error: 2 plat 14 at Boids.compute(235): undeclared identifier 'perliNoise'
  api=14 insize=10122 outsize=0 ok=0
Cmd: initializeCompiler
Cmd: initializeCompiler
Cmd: compileComputeKernel
  api=14 insize=10124 outsize=3693 ok=1
Cmd: compileComputeKernel
  error: 2 plat 4 at Boids.compute(235): undeclared identifier 'P_Position'
  error: 2 plat 4 at Boids.compute(235): undeclared identifier 'perliNoise'
  api=4 insize=10121 outsize=0 ok=0
Cmd: compileComputeKernel
  error: 2 plat 4 at Boids.compute(235): 'perlinNoise': no matching 1 parameter function
  error: 2 plat 4 at Boids.compute(235): undeclared identifier 'P_Position'
  api=4 insize=10122 outsize=0 ok=0
Cmd: compileComputeKernel
  api=14 insize=10140 outsize=7421 ok=1
Cmd: compileComputeKernel
  api=4 insize=10127 outsize=14393 ok=1
Cmd: compileComputeKernel
  api=14 insize=10127 outsize=3693 ok=1
Cmd: translateComputeKernel
  api=14 insize=4213 outsize=5521 ok=1
Cmd: compileComputeKernel
  api=4 insize=10128 outsize=14393 ok=1
Cmd: compileComputeKernel
  api=14 insize=10183 outsize=3693 ok=1
Cmd: initializeCompiler
Cmd: initializeCompiler
Cmd: compileComputeKernel
  api=4 insize=10188 outsize=1649 ok=1
Cmd: translateComputeKernel
  api=14 insize=4213 outsize=5521 ok=1
Cmd: compileComputeKernel
  api=14 insize=10191 outsize=3693 ok=1
Cmd: translateComputeKernel
  api=14 insize=16897 outsize=27421 ok=1
Cmd: compileComputeKernel
  api=14 insize=10186 outsize=16785 ok=1
Cmd: translateComputeKernel
  api=14 insize=16933 outsize=27449 ok=1
Cmd: compileComputeKernel
  api=4 insize=10170 outsize=14453 ok=1
Cmd: initializeCompiler
Cmd: initializeCompiler
Cmd: initializeCompiler
Cmd: initializeCompiler
Cmd: initializeCompiler
Cmd: initializeCompiler
