Base path: C:/Program Files/Unity/Editor/Data
Cmd: initializeCompiler
Cmd: compileComputeKernel
  api=14 insize=5770 outsize=3641 ok=1
Cmd: translateComputeKernel
  api=14 insize=6865 outsize=11957 ok=1
Cmd: initializeCompiler
Cmd: compileComputeKernel
  api=4 insize=5770 outsize=1649 ok=1
Cmd: compileComputeKernel
  api=4 insize=5770 outsize=4633 ok=1
Cmd: translateComputeKernel
  api=14 insize=4165 outsize=5529 ok=1
Cmd: compileComputeKernel
  api=14 insize=5786 outsize=3641 ok=1
Cmd: translateComputeKernel
  api=14 insize=6865 outsize=11957 ok=1
Cmd: initializeCompiler
Cmd: compileComputeKernel
  api=14 insize=5824 outsize=3693 ok=1
Cmd: initializeCompiler
Cmd: compileComputeKernel
  api=4 insize=6027 outsize=1649 ok=1
Cmd: translateComputeKernel
  api=14 insize=7385 outsize=12809 ok=1
Cmd: translateComputeKernel
  api=14 insize=4253 outsize=5585 ok=1
Cmd: compileComputeKernel
  api=4 insize=6054 outsize=5113 ok=1
Cmd: translateComputeKernel
  api=14 insize=4253 outsize=5585 ok=1
Cmd: compileComputeKernel
  api=4 insize=6053 outsize=1649 ok=1
Cmd: compileComputeKernel
  api=14 insize=6048 outsize=7213 ok=1
Cmd: translateComputeKernel
  api=14 insize=7361 outsize=12753 ok=1
Cmd: compileComputeKernel
  api=4 insize=6049 outsize=5025 ok=1
Cmd: compileComputeKernel
  api=14 insize=6090 outsize=3693 ok=1
Cmd: translateComputeKernel
  api=14 insize=7425 outsize=12881 ok=1
Cmd: translateComputeKernel
  api=14 insize=4253 outsize=5585 ok=1
Cmd: compileComputeKernel
  api=4 insize=6091 outsize=5089 ok=1
Cmd: compileComputeKernel
  error: 2 plat 14 at Boids.compute(153): cannot implicitly convert from 'const float2' to 'float3'
  api=14 insize=6094 outsize=0 ok=0
Cmd: initializeCompiler
Cmd: compileComputeKernel
  api=14 insize=6115 outsize=3693 ok=1
Cmd: translateComputeKernel
  api=14 insize=4213 outsize=5521 ok=1
Cmd: translateComputeKernel
  api=14 insize=7477 outsize=12965 ok=1
Cmd: compileComputeKernel
  api=4 insize=6110 outsize=1649 ok=1
Cmd: translateComputeKernel
  api=14 insize=4213 outsize=5521 ok=1
Cmd: compileComputeKernel
  api=14 insize=6111 outsize=3693 ok=1
Cmd: translateComputeKernel
  api=14 insize=7529 outsize=13125 ok=1
Cmd: translateComputeKernel
  api=14 insize=7529 outsize=13125 ok=1
Cmd: initializeCompiler
Cmd: compileComputeKernel
  api=4 insize=10124 outsize=1649 ok=1
Cmd: compileComputeKernel
  error: 2 plat 14 at Boids.compute(235): undeclared identifier 'P_Position'
  error: 2 plat 14 at Boids.compute(235): undeclared identifier 'perliNoise'
  api=14 insize=10121 outsize=0 ok=0
Cmd: initializeCompiler
Cmd: compileComputeKernel
  api=14 insize=10124 outsize=7381 ok=1
Cmd: translateComputeKernel
  api=14 insize=7529 outsize=13125 ok=1
Cmd: compileComputeKernel
  error: 2 plat 14 at Boids.compute(235): undeclared identifier 'P_Position'
  error: 2 plat 14 at Boids.compute(235): undeclared identifier 'perliNoise'
  api=14 insize=10121 outsize=0 ok=0
Cmd: translateComputeKernel
  api=14 insize=7569 outsize=13197 ok=1
Cmd: compileComputeKernel
  error: 2 plat 14 at Boids.compute(235): 'perlinNoise': no matching 1 parameter function
  error: 2 plat 14 at Boids.compute(235): undeclared identifier 'P_Position'
  api=14 insize=10122 outsize=0 ok=0
Cmd: compileComputeKernel
  api=4 insize=10122 outsize=1649 ok=1
Cmd: translateComputeKernel
  api=14 insize=16841 outsize=27201 ok=1
Cmd: compileComputeKernel
  api=4 insize=10128 outsize=1649 ok=1
Cmd: compileComputeKernel
  api=4 insize=10144 outsize=1649 ok=1
Cmd: compileComputeKernel
  api=14 insize=10135 outsize=3693 ok=1
Cmd: translateComputeKernel
  api=14 insize=16869 outsize=27353 ok=1
Cmd: compileComputeKernel
  api=14 insize=10183 outsize=16953 ok=1
Cmd: translateComputeKernel
  api=14 insize=17101 outsize=27725 ok=1
Cmd: translateComputeKernel
  api=14 insize=17101 outsize=27729 ok=1
Cmd: initializeCompiler
Cmd: initializeCompiler
Cmd: compileComputeKernel
  api=14 insize=10188 outsize=17017 ok=1
Cmd: compileComputeKernel
  api=4 insize=10191 outsize=14525 ok=1
Cmd: compileComputeKernel
  api=4 insize=10188 outsize=1649 ok=1
Cmd: compileComputeKernel
  api=4 insize=10186 outsize=14525 ok=1
Cmd: translateComputeKernel
  api=14 insize=4213 outsize=5521 ok=1
Cmd: compileComputeKernel
  api=4 insize=10170 outsize=14453 ok=1
Cmd: initializeCompiler
Cmd: initializeCompiler
Cmd: initializeCompiler
Cmd: initializeCompiler
Cmd: initializeCompiler
Cmd: initializeCompiler
