Base path: C:/Program Files/Unity/Editor/Data
Cmd: initializeCompiler
Cmd: translateComputeKernel
  api=14 insize=16797 outsize=27237 ok=1
Cmd: translateComputeKernel
  api=14 insize=2129 outsize=3889 ok=1
Cmd: compileComputeKernel
  api=14 insize=1226 outsize=1433 ok=1
Cmd: compileComputeKernel
  api=14 insize=3158 outsize=48849 ok=1
Cmd: compileComputeKernel
  api=4 insize=11176 outsize=9849 ok=1
Cmd: compileComputeKernel
  api=4 insize=11176 outsize=10593 ok=1
Cmd: translateComputeKernel
  api=14 insize=11453 outsize=22673 ok=1
Cmd: compileComputeKernel
  api=14 insize=5032 outsize=5141 ok=1
Cmd: translateComputeKernel
  api=14 insize=5805 outsize=8421 ok=1
Cmd: translateComputeKernel
  api=14 insize=3265 outsize=5365 ok=1
Cmd: compileComputeKernel
  api=14 insize=18731 outsize=9953 ok=1
Cmd: compileComputeKernel
  api=14 insize=18731 outsize=11797 ok=1
Cmd: translateComputeKernel
  api=14 insize=9397 outsize=16205 ok=1
Cmd: translateComputeKernel
  api=14 insize=11321 outsize=24805 ok=1
Cmd: compileComputeKernel
  api=4 insize=3174 outsize=1329 ok=1
Cmd: compileComputeKernel
  api=4 insize=2120 outsize=1033 ok=1
Cmd: initializeCompiler
Cmd: initializeCompiler
Cmd: initializeCompiler
Cmd: initializeCompiler
Cmd: initializeCompiler
Cmd: compileComputeKernel
  api=14 insize=10122 outsize=16649 ok=1
Cmd: compileComputeKernel
  api=4 insize=10133 outsize=14449 ok=1
Cmd: compileComputeKernel
  api=4 insize=10133 outsize=14449 ok=1
Cmd: compileComputeKernel
  api=14 insize=10169 outsize=3693 ok=1
Cmd: compileComputeKernel
  api=4 insize=10173 outsize=14417 ok=1
Cmd: compileComputeKernel
  api=14 insize=10175 outsize=16705 ok=1
Cmd: translateComputeKernel
  api=14 insize=16853 outsize=27329 ok=1
Cmd: compileComputeKernel
  api=14 insize=10150 outsize=3693 ok=1
Cmd: initializeCompiler
Cmd: initializeCompiler
Cmd: initializeCompiler
Cmd: initializeCompiler
Cmd: initializeCompiler
Cmd: initializeCompiler
Cmd: initializeCompiler
Cmd: initializeCompiler
Cmd: initializeCompiler
Cmd: initializeCompiler
Cmd: initializeCompiler
Cmd: initializeCompiler
Cmd: initializeCompiler
Cmd: initializeCompiler
Cmd: initializeCompiler
Cmd: initializeCompiler
Cmd: initializeCompiler
Cmd: compileComputeKernel
  api=14 insize=10131 outsize=3693 ok=1
Cmd: initializeCompiler
Cmd: translateComputeKernel
  api=14 insize=16789 outsize=27205 ok=1
Cmd: translateComputeKernel
  api=14 insize=16789 outsize=27205 ok=1
Cmd: translateComputeKernel
  api=14 insize=16557 outsize=26813 ok=1
Cmd: initializeCompiler
Cmd: initializeCompiler
Cmd: initializeCompiler
Cmd: initializeCompiler
Cmd: initializeCompiler
Cmd: initializeCompiler
Cmd: initializeCompiler
Cmd: initializeCompiler
Cmd: initializeCompiler
Cmd: initializeCompiler
Cmd: initializeCompiler
Cmd: initializeCompiler
Cmd: initializeCompiler
