Base path: C:/Program Files/Unity/Editor/Data
Cmd: initializeCompiler
Cmd: compileComputeKernel
  api=4 insize=5770 outsize=4629 ok=1
Cmd: initializeCompiler
Cmd: compileComputeKernel
  api=4 insize=5770 outsize=4625 ok=1
Cmd: translateComputeKernel
  api=14 insize=4165 outsize=5529 ok=1
Cmd: compileComputeKernel
  api=4 insize=5770 outsize=1649 ok=1
Cmd: translateComputeKernel
  api=14 insize=6869 outsize=11961 ok=1
Cmd: initializeCompiler
Cmd: initializeCompiler
Cmd: compileComputeKernel
  api=4 insize=6052 outsize=1649 ok=1
Cmd: compileComputeKernel
  api=4 insize=6054 outsize=1649 ok=1
Cmd: translateComputeKernel
  api=14 insize=4253 outsize=5585 ok=1
Cmd: compileComputeKernel
  api=14 insize=6049 outsize=7213 ok=1
Cmd: compileComputeKernel
  api=14 insize=6090 outsize=7277 ok=1
Cmd: compileComputeKernel
  api=4 insize=6091 outsize=1649 ok=1
Cmd: compileComputeKernel
  api=14 insize=6091 outsize=7277 ok=1
Cmd: translateComputeKernel
  api=14 insize=7425 outsize=12881 ok=1
Cmd: initializeCompiler
Cmd: compileComputeKernel
  api=14 insize=6115 outsize=6817 ok=1
Cmd: translateComputeKernel
  api=14 insize=6965 outsize=12029 ok=1
Cmd: compileComputeKernel
  api=14 insize=6115 outsize=3693 ok=1
Cmd: compileComputeKernel
  api=14 insize=6110 outsize=7381 ok=1
Cmd: compileComputeKernel
  api=14 insize=6004 outsize=3693 ok=1
Cmd: compileComputeKernel
  api=4 insize=8317 outsize=5073 ok=1
Cmd: translateComputeKernel
  api=14 insize=4213 outsize=5521 ok=1
Cmd: initializeCompiler
Cmd: compileComputeKernel
  api=14 insize=10124 outsize=3693 ok=1
Cmd: initializeCompiler
Cmd: compileComputeKernel
  api=4 insize=10124 outsize=5073 ok=1
Cmd: compileComputeKernel
  error: 2 plat 14 at Boids.compute(235): 'perlinNoise': no matching 1 parameter function
  error: 2 plat 14 at Boids.compute(235): undeclared identifier 'P_Position'
  api=14 insize=10122 outsize=0 ok=0
Cmd: compileComputeKernel
  api=14 insize=10122 outsize=16693 ok=1
Cmd: translateComputeKernel
  api=14 insize=16849 outsize=27209 ok=1
Cmd: compileComputeKernel
  api=4 insize=10127 outsize=1649 ok=1
Cmd: translateComputeKernel
  api=14 insize=16849 outsize=27209 ok=1
Cmd: translateComputeKernel
  api=14 insize=16869 outsize=27357 ok=1
Cmd: translateComputeKernel
  api=14 insize=4213 outsize=5521 ok=1
Cmd: compileComputeKernel
  api=14 insize=10184 outsize=16953 ok=1
Cmd: initializeCompiler
Cmd: initializeCompiler
Cmd: compileComputeKernel
  api=14 insize=10188 outsize=3693 ok=1
Cmd: compileComputeKernel
  api=14 insize=10188 outsize=16785 ok=1
Cmd: compileComputeKernel
  api=14 insize=10170 outsize=16713 ok=1
Cmd: translateComputeKernel
  api=14 insize=16861 outsize=27365 ok=1
Cmd: initializeCompiler
Cmd: initializeCompiler
Cmd: initializeCompiler
Cmd: initializeCompiler
Cmd: initializeCompiler
Cmd: initializeCompiler
